<?xml version="1.0" encoding="UTF-8"?>
<testng-results total="1" passed="1" failed="0" skipped="0">
  <reporter-output>
  </reporter-output>
  <suite started-at="2022-11-08T10:17:17Z" name="Default suite" finished-at="2022-11-08T10:18:44Z" duration-ms="86983">
    <groups>
    </groups>
    <test started-at="2022-11-08T10:17:17Z" name="Default test" finished-at="2022-11-08T10:18:44Z" duration-ms="86983">
      <class name="laegeforeningen_flutter_automation_Pages_TestCases.HomePage_TestCase">
        <test-method is-config="true" signature="setupDriver()[pri:0, instance:laegeforeningen_flutter_automation_Pages_TestCases.HomePage_TestCase@7ceb3185]" started-at="2022-11-08T16:17:17Z" name="setupDriver" finished-at="2022-11-08T16:17:55Z" duration-ms="38161" status="PASS">
          <reporter-output>
          </reporter-output>
        </test-method> <!-- setupDriver -->
        <test-method signature="uiElementVerification()[pri:1, instance:laegeforeningen_flutter_automation_Pages_TestCases.HomePage_TestCase@7ceb3185]" started-at="2022-11-08T16:17:55Z" name="uiElementVerification" finished-at="2022-11-08T16:18:39Z" duration-ms="43911" status="PASS">
          <reporter-output>
          </reporter-output>
        </test-method> <!-- uiElementVerification -->
        <test-method is-config="true" signature="testCaseTearDown()[pri:0, instance:laegeforeningen_flutter_automation_Pages_TestCases.HomePage_TestCase@7ceb3185]" started-at="2022-11-08T16:18:39Z" name="testCaseTearDown" finished-at="2022-11-08T16:18:44Z" duration-ms="4790" status="PASS">
          <reporter-output>
          </reporter-output>
        </test-method> <!-- testCaseTearDown -->
      </class> <!-- laegeforeningen_flutter_automation_Pages_TestCases.HomePage_TestCase -->
    </test> <!-- Default test -->
  </suite> <!-- Default suite -->
</testng-results>
